
*** Running vivado
    with args -log CarryLookAheadAdder.vds -m64 -product Vivado -mode batch -messageDb vivado.pb -notrace -source CarryLookAheadAdder.tcl


****** Vivado v2019.1 (64-bit)
  **** SW Build 2552052 on Fri May 24 14:47:09 MDT 2019
  **** IP Build 2548770 on Fri May 24 18:01:18 MDT 2019
    ** Copyright 1986-2019 Xilinx, Inc. All Rights Reserved.

source CarryLookAheadAdder.tcl -notrace
Command: synth_design -top CarryLookAheadAdder -part xc7z020clg484-1
Starting synth_design
Attempting to get a license for feature 'Synthesis' and/or device 'xc7z020'
INFO: [Common 17-349] Got license for feature 'Synthesis' and/or device 'xc7z020'
INFO: [Device 21-403] Loading part xc7z020clg484-1
INFO: Launching helper process for spawning children vivado processes
INFO: Helper process launched with PID 14018 
---------------------------------------------------------------------------------
Starting RTL Elaboration : Time (s): cpu = 00:00:02 ; elapsed = 00:00:02 . Memory (MB): peak = 1656.879 ; gain = 153.688 ; free physical = 2002 ; free virtual = 22063
---------------------------------------------------------------------------------
INFO: [Synth 8-6157] synthesizing module 'CarryLookAheadAdder' [/afs/ee.cooper.edu/user/r/ridwan.hussain/HardwareDesign/Homework2/CarryLookAheadAdder/CarryLookAheadAdder/CarryLookAheadAdder.srcs/sources_1/new/CarryLookAheadAdder.v:34]
INFO: [Synth 8-6157] synthesizing module 'FullAdder' [/afs/ee.cooper.edu/user/r/ridwan.hussain/HardwareDesign/Homework2/CarryLookAheadAdder/CarryLookAheadAdder/CarryLookAheadAdder.srcs/sources_1/new/CarryLookAheadAdder.v:28]
INFO: [Synth 8-6155] done synthesizing module 'FullAdder' (1#1) [/afs/ee.cooper.edu/user/r/ridwan.hussain/HardwareDesign/Homework2/CarryLookAheadAdder/CarryLookAheadAdder/CarryLookAheadAdder.srcs/sources_1/new/CarryLookAheadAdder.v:28]
INFO: [Synth 8-6157] synthesizing module 'LookAhead' [/afs/ee.cooper.edu/user/r/ridwan.hussain/HardwareDesign/Homework2/CarryLookAheadAdder/CarryLookAheadAdder/CarryLookAheadAdder.srcs/sources_1/new/CarryLookAheadAdder.v:22]
INFO: [Synth 8-6155] done synthesizing module 'LookAhead' (2#1) [/afs/ee.cooper.edu/user/r/ridwan.hussain/HardwareDesign/Homework2/CarryLookAheadAdder/CarryLookAheadAdder/CarryLookAheadAdder.srcs/sources_1/new/CarryLookAheadAdder.v:22]
INFO: [Synth 8-6155] done synthesizing module 'CarryLookAheadAdder' (3#1) [/afs/ee.cooper.edu/user/r/ridwan.hussain/HardwareDesign/Homework2/CarryLookAheadAdder/CarryLookAheadAdder/CarryLookAheadAdder.srcs/sources_1/new/CarryLookAheadAdder.v:34]
---------------------------------------------------------------------------------
Finished RTL Elaboration : Time (s): cpu = 00:00:02 ; elapsed = 00:00:03 . Memory (MB): peak = 1709.629 ; gain = 206.438 ; free physical = 1977 ; free virtual = 22039
---------------------------------------------------------------------------------

Report Check Netlist: 
+------+------------------+-------+---------+-------+------------------+
|      |Item              |Errors |Warnings |Status |Description       |
+------+------------------+-------+---------+-------+------------------+
|1     |multi_driven_nets |      0|        0|Passed |Multi driven nets |
+------+------------------+-------+---------+-------+------------------+
---------------------------------------------------------------------------------
Start Handling Custom Attributes
---------------------------------------------------------------------------------
---------------------------------------------------------------------------------
Finished Handling Custom Attributes : Time (s): cpu = 00:00:03 ; elapsed = 00:00:04 . Memory (MB): peak = 1715.566 ; gain = 212.375 ; free physical = 1971 ; free virtual = 22034
---------------------------------------------------------------------------------
---------------------------------------------------------------------------------
Finished RTL Optimization Phase 1 : Time (s): cpu = 00:00:03 ; elapsed = 00:00:04 . Memory (MB): peak = 1715.566 ; gain = 212.375 ; free physical = 1971 ; free virtual = 22034
---------------------------------------------------------------------------------
INFO: [Project 1-570] Preparing netlist for logic optimization

Processing XDC Constraints
Initializing timing engine
Parsing XDC File [/afs/ee.cooper.edu/user/r/ridwan.hussain/HardwareDesign/Homework2/CarryLookAheadAdder/CarryLookAheadAdder/CarryLookAheadAdder.srcs/constrs_1/new/CarryLookAheaderAdder.xdc]
Finished Parsing XDC File [/afs/ee.cooper.edu/user/r/ridwan.hussain/HardwareDesign/Homework2/CarryLookAheadAdder/CarryLookAheadAdder/CarryLookAheadAdder.srcs/constrs_1/new/CarryLookAheaderAdder.xdc]
INFO: [Project 1-236] Implementation specific constraints were found while reading constraint file [/afs/ee.cooper.edu/user/r/ridwan.hussain/HardwareDesign/Homework2/CarryLookAheadAdder/CarryLookAheadAdder/CarryLookAheadAdder.srcs/constrs_1/new/CarryLookAheaderAdder.xdc]. These constraints will be ignored for synthesis but will be used in implementation. Impacted constraints are listed in the file [.Xil/CarryLookAheadAdder_propImpl.xdc].
Resolution: To avoid this warning, move constraints listed in [.Xil/CarryLookAheadAdder_propImpl.xdc] to another XDC file and exclude this new file from synthesis with the used_in_synthesis property (File Properties dialog in GUI) and re-run elaboration/synthesis.
Completed Processing XDC Constraints

Netlist sorting complete. Time (s): cpu = 00:00:00 ; elapsed = 00:00:00 . Memory (MB): peak = 1881.285 ; gain = 0.000 ; free physical = 1827 ; free virtual = 21889
INFO: [Project 1-111] Unisim Transformation Summary:
No Unisim elements were transformed.

Constraint Validation Runtime : Time (s): cpu = 00:00:00 ; elapsed = 00:00:00 . Memory (MB): peak = 1881.285 ; gain = 0.000 ; free physical = 1827 ; free virtual = 21889
---------------------------------------------------------------------------------
Finished Constraint Validation : Time (s): cpu = 00:00:05 ; elapsed = 00:00:07 . Memory (MB): peak = 1881.285 ; gain = 378.094 ; free physical = 1944 ; free virtual = 22006
---------------------------------------------------------------------------------
---------------------------------------------------------------------------------
Start Loading Part and Timing Information
---------------------------------------------------------------------------------
Loading part: xc7z020clg484-1
---------------------------------------------------------------------------------
Finished Loading Part and Timing Information : Time (s): cpu = 00:00:05 ; elapsed = 00:00:07 . Memory (MB): peak = 1881.285 ; gain = 378.094 ; free physical = 1944 ; free virtual = 22006
---------------------------------------------------------------------------------
---------------------------------------------------------------------------------
Start Applying 'set_property' XDC Constraints
---------------------------------------------------------------------------------
---------------------------------------------------------------------------------
Finished applying 'set_property' XDC Constraints : Time (s): cpu = 00:00:05 ; elapsed = 00:00:07 . Memory (MB): peak = 1881.285 ; gain = 378.094 ; free physical = 1944 ; free virtual = 22006
---------------------------------------------------------------------------------
---------------------------------------------------------------------------------
Finished RTL Optimization Phase 2 : Time (s): cpu = 00:00:06 ; elapsed = 00:00:08 . Memory (MB): peak = 1881.285 ; gain = 378.094 ; free physical = 1948 ; free virtual = 22011
---------------------------------------------------------------------------------

Report RTL Partitions: 
+-+--------------+------------+----------+
| |RTL Partition |Replication |Instances |
+-+--------------+------------+----------+
+-+--------------+------------+----------+
---------------------------------------------------------------------------------
Start RTL Component Statistics 
---------------------------------------------------------------------------------
Detailed RTL Component Info : 
+---XORs : 
	   3 Input      1 Bit         XORs := 4     
---------------------------------------------------------------------------------
Finished RTL Component Statistics 
---------------------------------------------------------------------------------
---------------------------------------------------------------------------------
Start RTL Hierarchical Component Statistics 
---------------------------------------------------------------------------------
Hierarchical RTL Component report 
Module FullAdder 
Detailed RTL Component Info : 
+---XORs : 
	   3 Input      1 Bit         XORs := 1     
---------------------------------------------------------------------------------
Finished RTL Hierarchical Component Statistics
---------------------------------------------------------------------------------
---------------------------------------------------------------------------------
Start Part Resource Summary
---------------------------------------------------------------------------------
Part Resources:
DSPs: 220 (col length:60)
BRAMs: 280 (col length: RAMB18 60 RAMB36 30)
---------------------------------------------------------------------------------
Finished Part Resource Summary
---------------------------------------------------------------------------------
---------------------------------------------------------------------------------
Start Cross Boundary and Area Optimization
---------------------------------------------------------------------------------
Warning: Parallel synthesis criteria is not met 
---------------------------------------------------------------------------------
Finished Cross Boundary and Area Optimization : Time (s): cpu = 00:00:06 ; elapsed = 00:00:08 . Memory (MB): peak = 1881.285 ; gain = 378.094 ; free physical = 1932 ; free virtual = 22000
---------------------------------------------------------------------------------

Report RTL Partitions: 
+-+--------------+------------+----------+
| |RTL Partition |Replication |Instances |
+-+--------------+------------+----------+
+-+--------------+------------+----------+
---------------------------------------------------------------------------------
Start Applying XDC Timing Constraints
---------------------------------------------------------------------------------
---------------------------------------------------------------------------------
Finished Applying XDC Timing Constraints : Time (s): cpu = 00:00:09 ; elapsed = 00:00:12 . Memory (MB): peak = 1881.285 ; gain = 378.094 ; free physical = 1825 ; free virtual = 21893
---------------------------------------------------------------------------------
---------------------------------------------------------------------------------
Start Timing Optimization
---------------------------------------------------------------------------------
---------------------------------------------------------------------------------
Finished Timing Optimization : Time (s): cpu = 00:00:10 ; elapsed = 00:00:12 . Memory (MB): peak = 1881.285 ; gain = 378.094 ; free physical = 1825 ; free virtual = 21893
---------------------------------------------------------------------------------

Report RTL Partitions: 
+-+--------------+------------+----------+
| |RTL Partition |Replication |Instances |
+-+--------------+------------+----------+
+-+--------------+------------+----------+
---------------------------------------------------------------------------------
Start Technology Mapping
---------------------------------------------------------------------------------
---------------------------------------------------------------------------------
Finished Technology Mapping : Time (s): cpu = 00:00:10 ; elapsed = 00:00:12 . Memory (MB): peak = 1881.285 ; gain = 378.094 ; free physical = 1824 ; free virtual = 21891
---------------------------------------------------------------------------------

Report RTL Partitions: 
+-+--------------+------------+----------+
| |RTL Partition |Replication |Instances |
+-+--------------+------------+----------+
+-+--------------+------------+----------+
---------------------------------------------------------------------------------
Start IO Insertion
---------------------------------------------------------------------------------
---------------------------------------------------------------------------------
Start Flattening Before IO Insertion
---------------------------------------------------------------------------------
---------------------------------------------------------------------------------
Finished Flattening Before IO Insertion
---------------------------------------------------------------------------------
---------------------------------------------------------------------------------
Start Final Netlist Cleanup
---------------------------------------------------------------------------------
---------------------------------------------------------------------------------
Finished Final Netlist Cleanup
---------------------------------------------------------------------------------
---------------------------------------------------------------------------------
Finished IO Insertion : Time (s): cpu = 00:00:10 ; elapsed = 00:00:13 . Memory (MB): peak = 1881.285 ; gain = 378.094 ; free physical = 1822 ; free virtual = 21890
---------------------------------------------------------------------------------

Report Check Netlist: 
+------+------------------+-------+---------+-------+------------------+
|      |Item              |Errors |Warnings |Status |Description       |
+------+------------------+-------+---------+-------+------------------+
|1     |multi_driven_nets |      0|        0|Passed |Multi driven nets |
+------+------------------+-------+---------+-------+------------------+
---------------------------------------------------------------------------------
Start Renaming Generated Instances
---------------------------------------------------------------------------------
---------------------------------------------------------------------------------
Finished Renaming Generated Instances : Time (s): cpu = 00:00:10 ; elapsed = 00:00:13 . Memory (MB): peak = 1881.285 ; gain = 378.094 ; free physical = 1822 ; free virtual = 21890
---------------------------------------------------------------------------------

Report RTL Partitions: 
+-+--------------+------------+----------+
| |RTL Partition |Replication |Instances |
+-+--------------+------------+----------+
+-+--------------+------------+----------+
---------------------------------------------------------------------------------
Start Rebuilding User Hierarchy
---------------------------------------------------------------------------------
---------------------------------------------------------------------------------
Finished Rebuilding User Hierarchy : Time (s): cpu = 00:00:10 ; elapsed = 00:00:13 . Memory (MB): peak = 1881.285 ; gain = 378.094 ; free physical = 1822 ; free virtual = 21890
---------------------------------------------------------------------------------
---------------------------------------------------------------------------------
Start Renaming Generated Ports
---------------------------------------------------------------------------------
---------------------------------------------------------------------------------
Finished Renaming Generated Ports : Time (s): cpu = 00:00:10 ; elapsed = 00:00:13 . Memory (MB): peak = 1881.285 ; gain = 378.094 ; free physical = 1822 ; free virtual = 21890
---------------------------------------------------------------------------------
---------------------------------------------------------------------------------
Start Handling Custom Attributes
---------------------------------------------------------------------------------
---------------------------------------------------------------------------------
Finished Handling Custom Attributes : Time (s): cpu = 00:00:10 ; elapsed = 00:00:13 . Memory (MB): peak = 1881.285 ; gain = 378.094 ; free physical = 1822 ; free virtual = 21890
---------------------------------------------------------------------------------
---------------------------------------------------------------------------------
Start Renaming Generated Nets
---------------------------------------------------------------------------------
---------------------------------------------------------------------------------
Finished Renaming Generated Nets : Time (s): cpu = 00:00:10 ; elapsed = 00:00:13 . Memory (MB): peak = 1881.285 ; gain = 378.094 ; free physical = 1822 ; free virtual = 21890
---------------------------------------------------------------------------------
---------------------------------------------------------------------------------
Start Writing Synthesis Report
---------------------------------------------------------------------------------

Report BlackBoxes: 
+-+--------------+----------+
| |BlackBox name |Instances |
+-+--------------+----------+
+-+--------------+----------+

Report Cell Usage: 
+------+-----+------+
|      |Cell |Count |
+------+-----+------+
|1     |LUT3 |     2|
|2     |LUT5 |     4|
|3     |IBUF |     9|
|4     |OBUF |     5|
+------+-----+------+

Report Instance Areas: 
+------+---------+-------+------+
|      |Instance |Module |Cells |
+------+---------+-------+------+
|1     |top      |       |    20|
+------+---------+-------+------+
---------------------------------------------------------------------------------
Finished Writing Synthesis Report : Time (s): cpu = 00:00:10 ; elapsed = 00:00:13 . Memory (MB): peak = 1881.285 ; gain = 378.094 ; free physical = 1822 ; free virtual = 21890
---------------------------------------------------------------------------------
Synthesis finished with 0 errors, 0 critical warnings and 0 warnings.
Synthesis Optimization Runtime : Time (s): cpu = 00:00:09 ; elapsed = 00:00:11 . Memory (MB): peak = 1881.285 ; gain = 212.375 ; free physical = 1878 ; free virtual = 21946
Synthesis Optimization Complete : Time (s): cpu = 00:00:10 ; elapsed = 00:00:13 . Memory (MB): peak = 1881.285 ; gain = 378.094 ; free physical = 1893 ; free virtual = 21961
INFO: [Project 1-571] Translating synthesized netlist
INFO: [Project 1-570] Preparing netlist for logic optimization
INFO: [Opt 31-138] Pushed 0 inverter(s) to 0 load pin(s).
Netlist sorting complete. Time (s): cpu = 00:00:00 ; elapsed = 00:00:00 . Memory (MB): peak = 1881.285 ; gain = 0.000 ; free physical = 1824 ; free virtual = 21892
INFO: [Project 1-111] Unisim Transformation Summary:
No Unisim elements were transformed.

INFO: [Common 17-83] Releasing license: Synthesis
16 Infos, 0 Warnings, 0 Critical Warnings and 0 Errors encountered.
synth_design completed successfully
synth_design: Time (s): cpu = 00:00:14 ; elapsed = 00:00:16 . Memory (MB): peak = 1881.285 ; gain = 514.758 ; free physical = 1941 ; free virtual = 22008
Netlist sorting complete. Time (s): cpu = 00:00:00 ; elapsed = 00:00:00 . Memory (MB): peak = 1881.285 ; gain = 0.000 ; free physical = 1941 ; free virtual = 22008
WARNING: [Constraints 18-5210] No constraints selected for write.
Resolution: This message can indicate that there are no constraints for the design, or it can indicate that the used_in flags are set such that the constraints are ignored. This later case is used when running synth_design to not write synthesis constraints to the resulting checkpoint. Instead, project constraints are read when the synthesized design is opened.
INFO: [Common 17-1381] The checkpoint '/afs/ee.cooper.edu/user/r/ridwan.hussain/HardwareDesign/Homework2/CarryLookAheadAdder/CarryLookAheadAdder/CarryLookAheadAdder.runs/synth_1/CarryLookAheadAdder.dcp' has been generated.
INFO: [runtcl-4] Executing : report_utilization -file CarryLookAheadAdder_utilization_synth.rpt -pb CarryLookAheadAdder_utilization_synth.pb
INFO: [Common 17-206] Exiting Vivado at Thu Sep 21 20:49:23 2023...
